<ROOT version="1.0.9">
  <container id="1" path="test-xfs.tar.gz" name="test-xfs.tar.gz" mtime="2011-03-14T16:57:39Z" filetype="Compressed/GnuZip" md5="f66781b2eeeaad314d0d7bfcfee361c7" crc32="c1b539d2" size="333">
    <archive id="2" path="test-xfs.tar.gz/test-xfs.tar" name="test-xfs.tar" mtime="2011-03-14T16:57:39Z" filetype="Archive/TapeArchive" md5="dc4acbbff689fb6711c92583c6b1a8c7" size="32768">
      <directory name="tar" mtime="2011-03-12T09:04:45Z">
        <archive id="3" path="test-xfs.tar.gz/test-xfs.tar/tar/kar.sra" name="kar.sra" mtime="2011-03-12T09:00:06Z" filetype="Archive/SequenceReadArchive" md5="edc620f9f8a82887f51b435d6f906647" offset="1024" size="193">
          <container id="4" path="test-xfs.tar.gz/test-xfs.tar/tar/kar.sra/a.bz2" name="a.bz2" mtime="2011-03-12T08:57:57Z" filetype="Compressed/Bzip" md5="0128f07762adbd691212d41eca07ebb5" offset="108" size="43">
            <file id="5" path="test-xfs.tar.gz/test-xfs.tar/tar/kar.sra/a.bz2/a" name="a" mtime="2011-03-12T08:57:57Z" filetype="Unknown/Unknown" md5="29a8e4d8a95aedf47c5577d7c2b15ac5" size="32768"/>
          </container>
          <container id="6" path="test-xfs.tar.gz/test-xfs.tar/tar/kar.sra/b.bz2" name="b.bz2" mtime="2011-03-12T08:58:13Z" filetype="Compressed/Bzip" md5="cdd32f49115e65b228cfb3d9c59411d8" offset="152" size="41">
            <file id="7" path="test-xfs.tar.gz/test-xfs.tar/tar/kar.sra/b.bz2/b" name="b" mtime="2011-03-12T08:58:13Z" filetype="Unknown/Unknown" md5="c2ce78dd794809a4ad4b8fc0455dd18a" size="32768"/>
          </container>
        </archive>
      </directory>
    </archive>
  </container>
</ROOT>
